<?xml version="1.0" encoding="UTF-8"?>
<!-- Generated by org.testng.reporters.JUnitReportReporter -->
<testsuite hostname="DESKTOP-GSRLIBF" failures="0" tests="1" name="Testmaven.mavenproject3.tc01test" time="0.056" errors="0" timestamp="09 Dec 2021 10:36:49 GMT" skipped="0">
  <testcase classname="Testmaven.mavenproject3.tc01test" name="webshop" time="0.056"/>
</testsuite> <!-- Testmaven.mavenproject3.tc01test -->
